<?xml version="1.0" encoding="UTF-8"?>
<!-- Generated by org.testng.reporters.JUnitXMLReporter -->
<testsuite ignored="3" hostname="Srinivasans-MacBook-Pro.local" failures="0" tests="1" name="Surefire test" time="5.339" errors="0" timestamp="2025-08-31T17:00:36 IST">
  <testcase classname="com.example.qrcode.QRCodeReaderTest" name="testQRCodeReaderInitialization" time="0.005"/>
  <testcase classname="com.example.qrcode.QRCodeReaderTest" name="testReadQRCodeFromFile" time="0.0">
    <ignored/>
  </testcase> <!-- testReadQRCodeFromFile -->
  <testcase classname="com.example.qrcode.QRCodeReaderTest" name="testReadQRCodeFromWebPage" time="0.0">
    <ignored/>
  </testcase> <!-- testReadQRCodeFromWebPage -->
  <testcase classname="com.example.qrcode.QRCodeReaderTest" name="testWebDriverFunctionality" time="0.0">
    <ignored/>
  </testcase> <!-- testWebDriverFunctionality -->
</testsuite> <!-- Surefire test -->
