<?xml version="1.0" encoding="UTF-8"?>
<testng-results ignored="0" total="1" passed="1" failed="0" skipped="0">
  <reporter-output>
  </reporter-output>
  <suite started-at="2025-08-31T17:00:31 IST" name="Surefire suite" finished-at="2025-08-31T17:00:36 IST" duration-ms="5339">
    <groups>
    </groups>
    <test started-at="2025-08-31T17:00:31 IST" name="Surefire test" finished-at="2025-08-31T17:00:36 IST" duration-ms="5339">
      <class name="com.example.qrcode.QRCodeReaderTest">
        <test-method is-config="true" signature="setUp()[pri:0, instance:com.example.qrcode.QRCodeReaderTest@6b53e23f]" started-at="2025-08-31T17:00:31 IST" name="setUp" finished-at="2025-08-31T17:00:35 IST" duration-ms="4735" status="PASS">
          <reporter-output>
          </reporter-output>
        </test-method> <!-- setUp -->
        <test-method signature="testQRCodeReaderInitialization()[pri:0, instance:com.example.qrcode.QRCodeReaderTest@6b53e23f]" started-at="2025-08-31T17:00:35 IST" name="testQRCodeReaderInitialization" description="Test QR code reader initialization" finished-at="2025-08-31T17:00:35 IST" duration-ms="5" status="PASS">
          <reporter-output>
          </reporter-output>
        </test-method> <!-- testQRCodeReaderInitialization -->
        <test-method is-config="true" signature="tearDown()[pri:0, instance:com.example.qrcode.QRCodeReaderTest@6b53e23f]" started-at="2025-08-31T17:00:35 IST" name="tearDown" finished-at="2025-08-31T17:00:36 IST" duration-ms="546" status="PASS">
          <reporter-output>
          </reporter-output>
        </test-method> <!-- tearDown -->
      </class> <!-- com.example.qrcode.QRCodeReaderTest -->
    </test> <!-- Surefire test -->
  </suite> <!-- Surefire suite -->
</testng-results>
